\BOOKMARK [1][-]{section.1}{\134author及び\134dateの省略方法}{}% 1
\BOOKMARK [1][-]{section.2}{長さの単位}{}% 2
\BOOKMARK [1][-]{section.3}{新しい長さの定義}{}% 3
\BOOKMARK [1][-]{section.4}{特殊文字の出力}{}% 4
\BOOKMARK [1][-]{section.5}{余白レイアウトの仕方}{}% 5
\BOOKMARK [1][-]{section.6}{複数の著者と所属をつける方法}{}% 6
\BOOKMARK [1][-]{section.7}{段落の最初に字下げしない方法}{}% 7
\BOOKMARK [1][-]{section.8}{mintedで載せたソースコードがページをまたぐ場合}{}% 8
\BOOKMARK [1][-]{section.9}{目次の作り方及び目次に表示する節のレベルを設定する}{}% 9
\BOOKMARK [1][-]{section.10}{目次にありもしない項目を加える}{}% 10
\BOOKMARK [1][-]{section.11}{条件分岐を行うマクロなどifthenパッケージ}{}% 11
\BOOKMARK [1][-]{section.12}{LaTeX3でデフォルトになるマクロ定義マクロが入ったxparseパッケージ}{}% 12
\BOOKMARK [1][-]{section.13}{マクロ内でverbatim環境を使う方法}{}% 13
\BOOKMARK [1][-]{section.14}{ラベルからページ番号を参照する方法}{}% 14
\BOOKMARK [1][-]{section.15}{inputしたTeXファイルなどを拡大・縮小する方法}{}% 15
\BOOKMARK [1][-]{section.16}{組版におけるクォートのルールについて}{}% 16
\BOOKMARK [1][-]{section.17}{ページを跨ぐ表の作り方}{}% 17
\BOOKMARK [1][-]{section.18}{表の各セルの高さを調整する方法}{}% 18
\BOOKMARK [1][-]{section.19}{美しいボックスを描けるtcolorbox環境}{}% 19
\BOOKMARK [1][-]{section.20}{tcolorbox環境で美しい表を作る}{}% 20
\BOOKMARK [1][-]{section.21}{マクロで@を使う意味}{}% 21
\BOOKMARK [1][-]{section.22}{マクロの行末に\045を入れる理由}{}% 22
\BOOKMARK [1][-]{section.23}{sectionなどのフォントを変える方法}{}% 23
\BOOKMARK [1][-]{section.24}{文章全体のフォントを変える方法}{}% 24
\BOOKMARK [1][-]{section.25}{TeXで標準入力及び標準出力を行う方法}{}% 25
\BOOKMARK [1][-]{section.26}{beamerでノートを使う方法}{}% 26
\BOOKMARK [1][-]{section.27}{mintedでアセンブラのソースを載せる時の注意}{}% 27
\BOOKMARK [1][-]{section.28}{TeXで言語処理する第一歩}{}% 28
\BOOKMARK [2][-]{subsection.28.1}{TeXで文字列置換}{section.28}% 29
\BOOKMARK [1][-]{section.29}{ドットの長さで後尾を揃えてくれる\134dotfill}{}% 30
\BOOKMARK [1][-]{section.30}{verbatim環境内で自動改行を有効にするspverbatim環境}{}% 31
\BOOKMARK [1][-]{section.31}{LaTeXの自動改行のしくみ}{}% 32
\BOOKMARK [2][-]{subsection.31.1}{クォートがおかしな位置に来る}{section.31}% 33
\BOOKMARK [2][-]{subsection.31.2}{英文が右にはみ出す}{section.31}% 34
\BOOKMARK [1][-]{section.32}{jsbookクラスの左綴じ，右綴じ}{}% 35
